<?xml version="1.0" encoding="UTF-8"?>
<!-- Generated by org.testng.reporters.JUnitXMLReporter -->
<testsuite hostname="SOLANOD" name="FavoritesPage" tests="4" failures="1" timestamp="3 Apr 2021 09:37:40 GMT" time="89.446" errors="0">
  <testcase name="testFavoriteSave" time="41.276" classname="Target.TestTargetFavoritePage"/>
  <testcase name="testFavoriteSaveDisplay" time="6.256" classname="Target.TestTargetFavoritePage"/>
  <testcase name="testFavoriteSaveRemove" time="24.85" classname="Target.TestTargetFavoritePage"/>
  <testcase name="testFavoriteSaveRemoveDisplay" time="8.269" classname="Target.TestTargetFavoritePage">
    <failure type="java.lang.IndexOutOfBoundsException" message="Index: 2, Size: 2">
      <![CDATA[java.lang.IndexOutOfBoundsException: Index: 2, Size: 2
	at java.util.ArrayList.rangeCheck(ArrayList.java:659)
	at java.util.ArrayList.get(ArrayList.java:435)
	at Target.TargetFavoritePage.noFavoritesSaved(TargetFavoritePage.java:30)
	at Target.TestTargetFavoritePage.testFavoriteSaveRemoveDisplay(TestTargetFavoritePage.java:50)
	at com.intellij.rt.testng.IDEARemoteTestNG.run(IDEARemoteTestNG.java:66)
	at com.intellij.rt.testng.RemoteTestNGStarter.main(RemoteTestNGStarter.java:109)
... Removed 22 stack frames]]>
    </failure>
  </testcase> <!-- testFavoriteSaveRemoveDisplay -->
</testsuite> <!-- FavoritesPage -->
