<?xml version="1.0" encoding="UTF-8"?>
<!-- Generated by org.testng.reporters.JUnitXMLReporter -->
<testsuite hostname="SOLANOD" name="PasswordRecovery" tests="2" failures="1" timestamp="3 Apr 2021 09:51:22 GMT" time="47.512" errors="0">
  <testcase name="testFakePasswordRecovery" time="15.633" classname="Target.TestTargetPasswordRecoveryPage"/>
  <testcase name="testPasswordRecovery" time="19.1" classname="Target.TestTargetPasswordRecoveryPage">
    <failure type="java.lang.AssertionError" message="expected [true] but found [false]">
      <![CDATA[java.lang.AssertionError: expected [true] but found [false]
	at Target.TestTargetPasswordRecoveryPage.testPasswordRecovery(TestTargetPasswordRecoveryPage.java:21)
	at com.intellij.rt.testng.IDEARemoteTestNG.run(IDEARemoteTestNG.java:66)
	at com.intellij.rt.testng.RemoteTestNGStarter.main(RemoteTestNGStarter.java:109)
... Removed 26 stack frames]]>
    </failure>
  </testcase> <!-- testPasswordRecovery -->
</testsuite> <!-- PasswordRecovery -->
