<?xml version="1.0" encoding="UTF-8"?>
<!-- Generated by org.testng.reporters.JUnitXMLReporter -->
<testsuite hostname="SOLANOD" name="SearchPage" tests="5" failures="2" timestamp="3 Apr 2021 09:41:56 GMT" time="58.714" errors="0">
  <testcase name="testCategoryNotFound" time="3.317" classname="Target.TestTargetSearchPage"/>
  <testcase name="testDisplayCategory" time="10.172" classname="Target.TestTargetSearchPage">
    <failure type="java.lang.AssertionError" message="expected [true] but found [false]">
      <![CDATA[java.lang.AssertionError: expected [true] but found [false]
	at Target.TestTargetSearchPage.testDisplayCategory(TestTargetSearchPage.java:20)
	at com.intellij.rt.testng.IDEARemoteTestNG.run(IDEARemoteTestNG.java:66)
	at com.intellij.rt.testng.RemoteTestNGStarter.main(RemoteTestNGStarter.java:109)
... Removed 26 stack frames]]>
    </failure>
  </testcase> <!-- testDisplayCategory -->
  <testcase name="testSearchCategory" time="10.765" classname="Target.TestTargetSearchPage">
    <failure type="java.lang.AssertionError" message="expected [true] but found [false]">
      <![CDATA[java.lang.AssertionError: expected [true] but found [false]
	at Target.TestTargetSearchPage.testSearchCategory(TestTargetSearchPage.java:25)
	at com.intellij.rt.testng.IDEARemoteTestNG.run(IDEARemoteTestNG.java:66)
	at com.intellij.rt.testng.RemoteTestNGStarter.main(RemoteTestNGStarter.java:109)
... Removed 26 stack frames]]>
    </failure>
  </testcase> <!-- testSearchCategory -->
  <testcase name="testSearchItem" time="6.02" classname="Target.TestTargetSearchPage"/>
  <testcase name="testSupportTypoItem" time="11.062" classname="Target.TestTargetSearchPage"/>
</testsuite> <!-- SearchPage -->
