<?xml version="1.0" encoding="UTF-8"?>
<testng-results skipped="0" failed="1" total="15" passed="14">
  <reporter-output>
  </reporter-output>
  <suite name="Suite" duration-ms="306441" started-at="2021-04-03T09:43:25Z" finished-at="2021-04-03T09:48:32Z">
    <groups>
    </groups>
    <test name="PasswordRecovery" duration-ms="29562" started-at="2021-04-03T09:43:25Z" finished-at="2021-04-03T09:43:55Z">
      <class name="Target.TestTargetPasswordRecoveryPage">
        <test-method status="PASS" signature="TestSetUp(java.lang.String, java.lang.String)[pri:0, instance:Target.TestTargetPasswordRecoveryPage@6e3c1e69]" name="TestSetUp" is-config="true" duration-ms="8419" started-at="2021-04-03T03:43:25Z" finished-at="2021-04-03T03:43:34Z">
          <params>
            <param index="0">
              <value>
                <![CDATA[Chrome]]>
              </value>
            </param>
            <param index="1">
              <value>
                <![CDATA[https://www.target.com/]]>
              </value>
            </param>
          </params>
          <reporter-output>
          </reporter-output>
        </test-method> <!-- TestSetUp -->
        <test-method status="PASS" signature="methodLevelSetUp()[pri:0, instance:Target.TestTargetPasswordRecoveryPage@6e3c1e69]" name="methodLevelSetUp" is-config="true" duration-ms="3" started-at="2021-04-03T03:43:34Z" finished-at="2021-04-03T03:43:34Z">
          <reporter-output>
          </reporter-output>
        </test-method> <!-- methodLevelSetUp -->
        <test-method status="PASS" signature="testFakePasswordRecovery()[pri:0, instance:Target.TestTargetPasswordRecoveryPage@6e3c1e69]" name="testFakePasswordRecovery" duration-ms="8950" started-at="2021-04-03T03:43:34Z" finished-at="2021-04-03T03:43:43Z">
          <reporter-output>
          </reporter-output>
        </test-method> <!-- testFakePasswordRecovery -->
        <test-method status="PASS" signature="methodLevelSetUp()[pri:0, instance:Target.TestTargetPasswordRecoveryPage@6e3c1e69]" name="methodLevelSetUp" is-config="true" duration-ms="0" started-at="2021-04-03T03:43:43Z" finished-at="2021-04-03T03:43:43Z">
          <reporter-output>
          </reporter-output>
        </test-method> <!-- methodLevelSetUp -->
        <test-method status="PASS" signature="testPasswordRecovery()[pri:0, instance:Target.TestTargetPasswordRecoveryPage@6e3c1e69]" name="testPasswordRecovery" duration-ms="11537" started-at="2021-04-03T03:43:43Z" finished-at="2021-04-03T03:43:54Z">
          <reporter-output>
          </reporter-output>
        </test-method> <!-- testPasswordRecovery -->
        <test-method status="PASS" signature="teardown()[pri:0, instance:Target.TestTargetPasswordRecoveryPage@6e3c1e69]" name="teardown" is-config="true" duration-ms="639" started-at="2021-04-03T03:43:54Z" finished-at="2021-04-03T03:43:55Z">
          <reporter-output>
          </reporter-output>
        </test-method> <!-- teardown -->
      </class> <!-- Target.TestTargetPasswordRecoveryPage -->
    </test> <!-- PasswordRecovery -->
    <test name="Login" duration-ms="26936" started-at="2021-04-03T09:43:55Z" finished-at="2021-04-03T09:44:22Z">
      <class name="Target.TestTargetLogin">
        <test-method status="PASS" signature="TestSetUp(java.lang.String, java.lang.String)[pri:0, instance:Target.TestTargetLogin@4cdbe50f]" name="TestSetUp" is-config="true" duration-ms="8879" started-at="2021-04-03T03:43:55Z" finished-at="2021-04-03T03:44:04Z">
          <params>
            <param index="0">
              <value>
                <![CDATA[Chrome]]>
              </value>
            </param>
            <param index="1">
              <value>
                <![CDATA[https://www.target.com/]]>
              </value>
            </param>
          </params>
          <reporter-output>
          </reporter-output>
        </test-method> <!-- TestSetUp -->
        <test-method status="PASS" signature="methodLevelSetUp()[pri:0, instance:Target.TestTargetLogin@4cdbe50f]" name="methodLevelSetUp" is-config="true" duration-ms="1" started-at="2021-04-03T03:44:04Z" finished-at="2021-04-03T03:44:04Z">
          <reporter-output>
          </reporter-output>
        </test-method> <!-- methodLevelSetUp -->
        <test-method status="PASS" signature="testFakeUserLogin()[pri:0, instance:Target.TestTargetLogin@4cdbe50f]" name="testFakeUserLogin" duration-ms="7692" started-at="2021-04-03T03:44:04Z" finished-at="2021-04-03T03:44:12Z">
          <reporter-output>
          </reporter-output>
        </test-method> <!-- testFakeUserLogin -->
        <test-method status="PASS" signature="methodLevelSetUp()[pri:0, instance:Target.TestTargetLogin@4cdbe50f]" name="methodLevelSetUp" is-config="true" duration-ms="0" started-at="2021-04-03T03:44:12Z" finished-at="2021-04-03T03:44:12Z">
          <reporter-output>
          </reporter-output>
        </test-method> <!-- methodLevelSetUp -->
        <test-method status="PASS" signature="testLogin()[pri:0, instance:Target.TestTargetLogin@4cdbe50f]" name="testLogin" duration-ms="9735" started-at="2021-04-03T03:44:12Z" finished-at="2021-04-03T03:44:21Z">
          <reporter-output>
          </reporter-output>
        </test-method> <!-- testLogin -->
        <test-method status="PASS" signature="teardown()[pri:0, instance:Target.TestTargetLogin@4cdbe50f]" name="teardown" is-config="true" duration-ms="629" started-at="2021-04-03T03:44:21Z" finished-at="2021-04-03T03:44:22Z">
          <reporter-output>
          </reporter-output>
        </test-method> <!-- teardown -->
      </class> <!-- Target.TestTargetLogin -->
    </test> <!-- Login -->
    <test name="SearchPage" duration-ms="60091" started-at="2021-04-03T09:44:22Z" finished-at="2021-04-03T09:45:22Z">
      <class name="Target.TestTargetSearchPage">
        <test-method status="PASS" signature="TestSetUp(java.lang.String, java.lang.String)[pri:0, instance:Target.TestTargetSearchPage@3f0ee7cb]" name="TestSetUp" is-config="true" duration-ms="20056" started-at="2021-04-03T03:44:22Z" finished-at="2021-04-03T03:44:42Z">
          <params>
            <param index="0">
              <value>
                <![CDATA[Chrome]]>
              </value>
            </param>
            <param index="1">
              <value>
                <![CDATA[https://www.target.com/]]>
              </value>
            </param>
          </params>
          <reporter-output>
          </reporter-output>
        </test-method> <!-- TestSetUp -->
        <test-method status="PASS" signature="methodLevelSetUp()[pri:0, instance:Target.TestTargetSearchPage@3f0ee7cb]" name="methodLevelSetUp" is-config="true" duration-ms="1" started-at="2021-04-03T03:44:42Z" finished-at="2021-04-03T03:44:42Z">
          <reporter-output>
          </reporter-output>
        </test-method> <!-- methodLevelSetUp -->
        <test-method status="PASS" signature="testCategoryNotFound()[pri:0, instance:Target.TestTargetSearchPage@3f0ee7cb]" name="testCategoryNotFound" duration-ms="3326" started-at="2021-04-03T03:44:42Z" finished-at="2021-04-03T03:44:45Z">
          <reporter-output>
          </reporter-output>
        </test-method> <!-- testCategoryNotFound -->
        <test-method status="PASS" signature="methodLevelSetUp()[pri:0, instance:Target.TestTargetSearchPage@3f0ee7cb]" name="methodLevelSetUp" is-config="true" duration-ms="1" started-at="2021-04-03T03:44:45Z" finished-at="2021-04-03T03:44:45Z">
          <reporter-output>
          </reporter-output>
        </test-method> <!-- methodLevelSetUp -->
        <test-method status="PASS" signature="testDisplayCategory()[pri:0, instance:Target.TestTargetSearchPage@3f0ee7cb]" name="testDisplayCategory" duration-ms="10232" started-at="2021-04-03T03:44:45Z" finished-at="2021-04-03T03:44:56Z">
          <reporter-output>
          </reporter-output>
        </test-method> <!-- testDisplayCategory -->
        <test-method status="PASS" signature="testSearchCategory()[pri:0, instance:Target.TestTargetSearchPage@3f0ee7cb]" name="testSearchCategory" duration-ms="8639" started-at="2021-04-03T03:44:56Z" finished-at="2021-04-03T03:45:04Z">
          <reporter-output>
          </reporter-output>
        </test-method> <!-- testSearchCategory -->
        <test-method status="PASS" signature="methodLevelSetUp()[pri:0, instance:Target.TestTargetSearchPage@3f0ee7cb]" name="methodLevelSetUp" is-config="true" duration-ms="0" started-at="2021-04-03T03:44:56Z" finished-at="2021-04-03T03:44:56Z">
          <reporter-output>
          </reporter-output>
        </test-method> <!-- methodLevelSetUp -->
        <test-method status="PASS" signature="testSearchItem()[pri:0, instance:Target.TestTargetSearchPage@3f0ee7cb]" name="testSearchItem" duration-ms="6189" started-at="2021-04-03T03:45:04Z" finished-at="2021-04-03T03:45:10Z">
          <reporter-output>
          </reporter-output>
        </test-method> <!-- testSearchItem -->
        <test-method status="PASS" signature="methodLevelSetUp()[pri:0, instance:Target.TestTargetSearchPage@3f0ee7cb]" name="methodLevelSetUp" is-config="true" duration-ms="0" started-at="2021-04-03T03:45:04Z" finished-at="2021-04-03T03:45:04Z">
          <reporter-output>
          </reporter-output>
        </test-method> <!-- methodLevelSetUp -->
        <test-method status="PASS" signature="testSupportTypoItem()[pri:0, instance:Target.TestTargetSearchPage@3f0ee7cb]" name="testSupportTypoItem" duration-ms="10996" started-at="2021-04-03T03:45:10Z" finished-at="2021-04-03T03:45:21Z">
          <reporter-output>
          </reporter-output>
        </test-method> <!-- testSupportTypoItem -->
        <test-method status="PASS" signature="methodLevelSetUp()[pri:0, instance:Target.TestTargetSearchPage@3f0ee7cb]" name="methodLevelSetUp" is-config="true" duration-ms="0" started-at="2021-04-03T03:45:10Z" finished-at="2021-04-03T03:45:10Z">
          <reporter-output>
          </reporter-output>
        </test-method> <!-- methodLevelSetUp -->
        <test-method status="PASS" signature="teardown()[pri:0, instance:Target.TestTargetSearchPage@3f0ee7cb]" name="teardown" is-config="true" duration-ms="647" started-at="2021-04-03T03:45:21Z" finished-at="2021-04-03T03:45:22Z">
          <reporter-output>
          </reporter-output>
        </test-method> <!-- teardown -->
      </class> <!-- Target.TestTargetSearchPage -->
    </test> <!-- SearchPage -->
    <test name="DetailPage" duration-ms="92444" started-at="2021-04-03T09:45:22Z" finished-at="2021-04-03T09:46:55Z">
      <class name="Target.TestTargetDetailPage">
        <test-method status="PASS" signature="TestSetUp(java.lang.String, java.lang.String)[pri:0, instance:Target.TestTargetDetailPage@3cb5cdba]" name="TestSetUp" is-config="true" duration-ms="45694" started-at="2021-04-03T03:45:22Z" finished-at="2021-04-03T03:46:08Z">
          <params>
            <param index="0">
              <value>
                <![CDATA[Chrome]]>
              </value>
            </param>
            <param index="1">
              <value>
                <![CDATA[https://www.target.com/]]>
              </value>
            </param>
          </params>
          <reporter-output>
          </reporter-output>
        </test-method> <!-- TestSetUp -->
        <test-method status="PASS" signature="methodLevelSetUp()[pri:0, instance:Target.TestTargetDetailPage@3cb5cdba]" name="methodLevelSetUp" is-config="true" duration-ms="1" started-at="2021-04-03T03:46:08Z" finished-at="2021-04-03T03:46:08Z">
          <reporter-output>
          </reporter-output>
        </test-method> <!-- methodLevelSetUp -->
        <test-method status="PASS" signature="testDisplayDetailItem()[pri:0, instance:Target.TestTargetDetailPage@3cb5cdba]" name="testDisplayDetailItem" duration-ms="24502" started-at="2021-04-03T03:46:08Z" finished-at="2021-04-03T03:46:32Z">
          <reporter-output>
          </reporter-output>
        </test-method> <!-- testDisplayDetailItem -->
        <test-method status="PASS" signature="methodLevelSetUp()[pri:0, instance:Target.TestTargetDetailPage@3cb5cdba]" name="methodLevelSetUp" is-config="true" duration-ms="1" started-at="2021-04-03T03:46:32Z" finished-at="2021-04-03T03:46:32Z">
          <reporter-output>
          </reporter-output>
        </test-method> <!-- methodLevelSetUp -->
        <test-method status="PASS" signature="testNotDetailFoundItem()[pri:0, instance:Target.TestTargetDetailPage@3cb5cdba]" name="testNotDetailFoundItem" duration-ms="21600" started-at="2021-04-03T03:46:32Z" finished-at="2021-04-03T03:46:54Z">
          <reporter-output>
          </reporter-output>
        </test-method> <!-- testNotDetailFoundItem -->
        <test-method status="PASS" signature="teardown()[pri:0, instance:Target.TestTargetDetailPage@3cb5cdba]" name="teardown" is-config="true" duration-ms="646" started-at="2021-04-03T03:46:54Z" finished-at="2021-04-03T03:46:55Z">
          <reporter-output>
          </reporter-output>
        </test-method> <!-- teardown -->
      </class> <!-- Target.TestTargetDetailPage -->
    </test> <!-- DetailPage -->
    <test name="FavoritesPage" duration-ms="97353" started-at="2021-04-03T09:46:55Z" finished-at="2021-04-03T09:48:32Z">
      <class name="Target.TestTargetFavoritePage">
        <test-method status="PASS" signature="TestSetUp(java.lang.String, java.lang.String)[pri:0, instance:Target.TestTargetFavoritePage@2d209079]" name="TestSetUp" is-config="true" duration-ms="8262" started-at="2021-04-03T03:46:55Z" finished-at="2021-04-03T03:47:03Z">
          <params>
            <param index="0">
              <value>
                <![CDATA[Chrome]]>
              </value>
            </param>
            <param index="1">
              <value>
                <![CDATA[https://www.target.com/]]>
              </value>
            </param>
          </params>
          <reporter-output>
          </reporter-output>
        </test-method> <!-- TestSetUp -->
        <test-method status="PASS" signature="methodLevelSetUp()[pri:0, instance:Target.TestTargetFavoritePage@2d209079]" name="methodLevelSetUp" is-config="true" duration-ms="1" started-at="2021-04-03T03:47:03Z" finished-at="2021-04-03T03:47:03Z">
          <reporter-output>
          </reporter-output>
        </test-method> <!-- methodLevelSetUp -->
        <test-method status="PASS" signature="testFavoriteSave()[pri:0, instance:Target.TestTargetFavoritePage@2d209079]" name="testFavoriteSave" duration-ms="41104" started-at="2021-04-03T03:47:03Z" finished-at="2021-04-03T03:47:44Z">
          <reporter-output>
          </reporter-output>
        </test-method> <!-- testFavoriteSave -->
        <test-method status="PASS" signature="testFavoriteSaveDisplay()[pri:0, instance:Target.TestTargetFavoritePage@2d209079]" name="testFavoriteSaveDisplay" duration-ms="6266" started-at="2021-04-03T03:47:44Z" finished-at="2021-04-03T03:47:50Z">
          <reporter-output>
          </reporter-output>
        </test-method> <!-- testFavoriteSaveDisplay -->
        <test-method status="PASS" signature="methodLevelSetUp()[pri:0, instance:Target.TestTargetFavoritePage@2d209079]" name="methodLevelSetUp" is-config="true" duration-ms="0" started-at="2021-04-03T03:47:44Z" finished-at="2021-04-03T03:47:44Z">
          <reporter-output>
          </reporter-output>
        </test-method> <!-- methodLevelSetUp -->
        <test-method status="PASS" signature="testFavoriteSaveRemove()[pri:0, instance:Target.TestTargetFavoritePage@2d209079]" name="testFavoriteSaveRemove" duration-ms="24938" started-at="2021-04-03T03:47:50Z" finished-at="2021-04-03T03:48:15Z">
          <reporter-output>
          </reporter-output>
        </test-method> <!-- testFavoriteSaveRemove -->
        <test-method status="PASS" signature="methodLevelSetUp()[pri:0, instance:Target.TestTargetFavoritePage@2d209079]" name="methodLevelSetUp" is-config="true" duration-ms="0" started-at="2021-04-03T03:47:50Z" finished-at="2021-04-03T03:47:50Z">
          <reporter-output>
          </reporter-output>
        </test-method> <!-- methodLevelSetUp -->
        <test-method status="FAIL" signature="testFavoriteSaveRemoveDisplay()[pri:0, instance:Target.TestTargetFavoritePage@2d209079]" name="testFavoriteSaveRemoveDisplay" duration-ms="16091" started-at="2021-04-03T03:48:15Z" finished-at="2021-04-03T03:48:31Z">
          <exception class="java.lang.IndexOutOfBoundsException">
            <message>
              <![CDATA[Index: 2, Size: 2]]>
            </message>
            <full-stacktrace>
              <![CDATA[java.lang.IndexOutOfBoundsException: Index: 2, Size: 2
	at java.util.ArrayList.rangeCheck(ArrayList.java:659)
	at java.util.ArrayList.get(ArrayList.java:435)
	at Target.TargetFavoritePage.noFavoritesSaved(TargetFavoritePage.java:30)
	at Target.TestTargetFavoritePage.testFavoriteSaveRemoveDisplay(TestTargetFavoritePage.java:50)
	at sun.reflect.NativeMethodAccessorImpl.invoke0(Native Method)
	at sun.reflect.NativeMethodAccessorImpl.invoke(NativeMethodAccessorImpl.java:62)
	at sun.reflect.DelegatingMethodAccessorImpl.invoke(DelegatingMethodAccessorImpl.java:43)
	at java.lang.reflect.Method.invoke(Method.java:498)
	at org.testng.internal.MethodInvocationHelper.invokeMethod(MethodInvocationHelper.java:100)
	at org.testng.internal.Invoker.invokeMethod(Invoker.java:646)
	at org.testng.internal.Invoker.invokeTestMethod(Invoker.java:811)
	at org.testng.internal.Invoker.invokeTestMethods(Invoker.java:1137)
	at org.testng.internal.TestMethodWorker.invokeTestMethods(TestMethodWorker.java:129)
	at org.testng.internal.TestMethodWorker.run(TestMethodWorker.java:112)
	at org.testng.TestRunner.privateRun(TestRunner.java:753)
	at org.testng.TestRunner.run(TestRunner.java:607)
	at org.testng.SuiteRunner.runTest(SuiteRunner.java:368)
	at org.testng.SuiteRunner.runSequentially(SuiteRunner.java:363)
	at org.testng.SuiteRunner.privateRun(SuiteRunner.java:321)
	at org.testng.SuiteRunner.run(SuiteRunner.java:270)
	at org.testng.SuiteRunnerWorker.runSuite(SuiteRunnerWorker.java:52)
	at org.testng.SuiteRunnerWorker.run(SuiteRunnerWorker.java:86)
	at org.testng.TestNG.runSuitesSequentially(TestNG.java:1284)
	at org.testng.TestNG.runSuitesLocally(TestNG.java:1209)
	at org.testng.TestNG.runSuites(TestNG.java:1124)
	at org.testng.TestNG.run(TestNG.java:1096)
	at com.intellij.rt.testng.IDEARemoteTestNG.run(IDEARemoteTestNG.java:66)
	at com.intellij.rt.testng.RemoteTestNGStarter.main(RemoteTestNGStarter.java:109)
]]>
            </full-stacktrace>
          </exception> <!-- java.lang.IndexOutOfBoundsException -->
          <reporter-output>
          </reporter-output>
        </test-method> <!-- testFavoriteSaveRemoveDisplay -->
        <test-method status="PASS" signature="methodLevelSetUp()[pri:0, instance:Target.TestTargetFavoritePage@2d209079]" name="methodLevelSetUp" is-config="true" duration-ms="0" started-at="2021-04-03T03:48:15Z" finished-at="2021-04-03T03:48:15Z">
          <reporter-output>
          </reporter-output>
        </test-method> <!-- methodLevelSetUp -->
        <test-method status="PASS" signature="teardown()[pri:0, instance:Target.TestTargetFavoritePage@2d209079]" name="teardown" is-config="true" duration-ms="687" started-at="2021-04-03T03:48:31Z" finished-at="2021-04-03T03:48:32Z">
          <reporter-output>
          </reporter-output>
        </test-method> <!-- teardown -->
      </class> <!-- Target.TestTargetFavoritePage -->
    </test> <!-- FavoritesPage -->
  </suite> <!-- Suite -->
</testng-results>
