<?xml version="1.0" encoding="UTF-8"?>
<testng-results skipped="0" failed="1" total="11" passed="10">
  <reporter-output>
  </reporter-output>
  <suite name="Suite" duration-ms="128337" started-at="2021-04-03T07:32:12Z" finished-at="2021-04-03T07:34:20Z">
    <groups>
    </groups>
    <test name="PasswordRecovery" duration-ms="25693" started-at="2021-04-03T07:32:12Z" finished-at="2021-04-03T07:32:38Z">
      <class name="Target.TestTargetPasswordRecoveryPage">
        <test-method status="PASS" signature="TestSetUp(java.lang.String, java.lang.String)[pri:0, instance:Target.TestTargetPasswordRecoveryPage@6e3c1e69]" name="TestSetUp" is-config="true" duration-ms="5371" started-at="2021-04-03T01:32:12Z" finished-at="2021-04-03T01:32:17Z">
          <params>
            <param index="0">
              <value>
                <![CDATA[Chrome]]>
              </value>
            </param>
            <param index="1">
              <value>
                <![CDATA[https://www.target.com/]]>
              </value>
            </param>
          </params>
          <reporter-output>
          </reporter-output>
        </test-method> <!-- TestSetUp -->
        <test-method status="PASS" signature="methodLevelSetUp()[pri:0, instance:Target.TestTargetPasswordRecoveryPage@6e3c1e69]" name="methodLevelSetUp" is-config="true" duration-ms="3" started-at="2021-04-03T01:32:17Z" finished-at="2021-04-03T01:32:17Z">
          <reporter-output>
          </reporter-output>
        </test-method> <!-- methodLevelSetUp -->
        <test-method status="PASS" signature="testFakePasswordRecovery()[pri:0, instance:Target.TestTargetPasswordRecoveryPage@6e3c1e69]" name="testFakePasswordRecovery" duration-ms="9309" started-at="2021-04-03T01:32:17Z" finished-at="2021-04-03T01:32:27Z">
          <reporter-output>
          </reporter-output>
        </test-method> <!-- testFakePasswordRecovery -->
        <test-method status="PASS" signature="methodLevelSetUp()[pri:0, instance:Target.TestTargetPasswordRecoveryPage@6e3c1e69]" name="methodLevelSetUp" is-config="true" duration-ms="1" started-at="2021-04-03T01:32:27Z" finished-at="2021-04-03T01:32:27Z">
          <reporter-output>
          </reporter-output>
        </test-method> <!-- methodLevelSetUp -->
        <test-method status="PASS" signature="testPasswordRecovery()[pri:0, instance:Target.TestTargetPasswordRecoveryPage@6e3c1e69]" name="testPasswordRecovery" duration-ms="10351" started-at="2021-04-03T01:32:27Z" finished-at="2021-04-03T01:32:37Z">
          <reporter-output>
          </reporter-output>
        </test-method> <!-- testPasswordRecovery -->
        <test-method status="PASS" signature="teardown()[pri:0, instance:Target.TestTargetPasswordRecoveryPage@6e3c1e69]" name="teardown" is-config="true" duration-ms="644" started-at="2021-04-03T01:32:37Z" finished-at="2021-04-03T01:32:38Z">
          <reporter-output>
          </reporter-output>
        </test-method> <!-- teardown -->
      </class> <!-- Target.TestTargetPasswordRecoveryPage -->
    </test> <!-- PasswordRecovery -->
    <test name="Login" duration-ms="22186" started-at="2021-04-03T07:32:38Z" finished-at="2021-04-03T07:33:00Z">
      <class name="Target.TestTargetLogin">
        <test-method status="PASS" signature="TestSetUp(java.lang.String, java.lang.String)[pri:0, instance:Target.TestTargetLogin@4cdbe50f]" name="TestSetUp" is-config="true" duration-ms="4169" started-at="2021-04-03T01:32:38Z" finished-at="2021-04-03T01:32:42Z">
          <params>
            <param index="0">
              <value>
                <![CDATA[Chrome]]>
              </value>
            </param>
            <param index="1">
              <value>
                <![CDATA[https://www.target.com/]]>
              </value>
            </param>
          </params>
          <reporter-output>
          </reporter-output>
        </test-method> <!-- TestSetUp -->
        <test-method status="PASS" signature="methodLevelSetUp()[pri:0, instance:Target.TestTargetLogin@4cdbe50f]" name="methodLevelSetUp" is-config="true" duration-ms="1" started-at="2021-04-03T01:32:42Z" finished-at="2021-04-03T01:32:42Z">
          <reporter-output>
          </reporter-output>
        </test-method> <!-- methodLevelSetUp -->
        <test-method status="PASS" signature="testFakeUserLogin()[pri:0, instance:Target.TestTargetLogin@4cdbe50f]" name="testFakeUserLogin" duration-ms="7602" started-at="2021-04-03T01:32:42Z" finished-at="2021-04-03T01:32:49Z">
          <reporter-output>
          </reporter-output>
        </test-method> <!-- testFakeUserLogin -->
        <test-method status="PASS" signature="methodLevelSetUp()[pri:0, instance:Target.TestTargetLogin@4cdbe50f]" name="methodLevelSetUp" is-config="true" duration-ms="1" started-at="2021-04-03T01:32:49Z" finished-at="2021-04-03T01:32:49Z">
          <reporter-output>
          </reporter-output>
        </test-method> <!-- methodLevelSetUp -->
        <test-method status="PASS" signature="testLogin()[pri:0, instance:Target.TestTargetLogin@4cdbe50f]" name="testLogin" duration-ms="9764" started-at="2021-04-03T01:32:49Z" finished-at="2021-04-03T01:32:59Z">
          <reporter-output>
          </reporter-output>
        </test-method> <!-- testLogin -->
        <test-method status="PASS" signature="teardown()[pri:0, instance:Target.TestTargetLogin@4cdbe50f]" name="teardown" is-config="true" duration-ms="649" started-at="2021-04-03T01:32:59Z" finished-at="2021-04-03T01:33:00Z">
          <reporter-output>
          </reporter-output>
        </test-method> <!-- teardown -->
      </class> <!-- Target.TestTargetLogin -->
    </test> <!-- Login -->
    <test name="SearchPage" duration-ms="47135" started-at="2021-04-03T07:33:00Z" finished-at="2021-04-03T07:33:47Z">
      <class name="Target.TestTargetSearchPage">
        <test-method status="PASS" signature="TestSetUp(java.lang.String, java.lang.String)[pri:0, instance:Target.TestTargetSearchPage@3f0ee7cb]" name="TestSetUp" is-config="true" duration-ms="8037" started-at="2021-04-03T01:33:00Z" finished-at="2021-04-03T01:33:08Z">
          <params>
            <param index="0">
              <value>
                <![CDATA[Chrome]]>
              </value>
            </param>
            <param index="1">
              <value>
                <![CDATA[https://www.target.com/]]>
              </value>
            </param>
          </params>
          <reporter-output>
          </reporter-output>
        </test-method> <!-- TestSetUp -->
        <test-method status="PASS" signature="methodLevelSetUp()[pri:0, instance:Target.TestTargetSearchPage@3f0ee7cb]" name="methodLevelSetUp" is-config="true" duration-ms="1" started-at="2021-04-03T01:33:08Z" finished-at="2021-04-03T01:33:08Z">
          <reporter-output>
          </reporter-output>
        </test-method> <!-- methodLevelSetUp -->
        <test-method status="PASS" signature="testCategoryNotFound()[pri:0, instance:Target.TestTargetSearchPage@3f0ee7cb]" name="testCategoryNotFound" duration-ms="3345" started-at="2021-04-03T01:33:08Z" finished-at="2021-04-03T01:33:11Z">
          <reporter-output>
          </reporter-output>
        </test-method> <!-- testCategoryNotFound -->
        <test-method status="PASS" signature="methodLevelSetUp()[pri:0, instance:Target.TestTargetSearchPage@3f0ee7cb]" name="methodLevelSetUp" is-config="true" duration-ms="0" started-at="2021-04-03T01:33:11Z" finished-at="2021-04-03T01:33:11Z">
          <reporter-output>
          </reporter-output>
        </test-method> <!-- methodLevelSetUp -->
        <test-method status="FAIL" signature="testDisplayCategory()[pri:0, instance:Target.TestTargetSearchPage@3f0ee7cb]" name="testDisplayCategory" duration-ms="10228" started-at="2021-04-03T01:33:11Z" finished-at="2021-04-03T01:33:21Z">
          <exception class="java.lang.AssertionError">
            <message>
              <![CDATA[expected [true] but found [false]]]>
            </message>
            <full-stacktrace>
              <![CDATA[java.lang.AssertionError: expected [true] but found [false]
	at org.testng.Assert.fail(Assert.java:94)
	at org.testng.Assert.failNotEquals(Assert.java:513)
	at org.testng.Assert.assertTrue(Assert.java:42)
	at org.testng.Assert.assertTrue(Assert.java:52)
	at Target.TestTargetSearchPage.testDisplayCategory(TestTargetSearchPage.java:20)
	at sun.reflect.NativeMethodAccessorImpl.invoke0(Native Method)
	at sun.reflect.NativeMethodAccessorImpl.invoke(NativeMethodAccessorImpl.java:62)
	at sun.reflect.DelegatingMethodAccessorImpl.invoke(DelegatingMethodAccessorImpl.java:43)
	at java.lang.reflect.Method.invoke(Method.java:498)
	at org.testng.internal.MethodInvocationHelper.invokeMethod(MethodInvocationHelper.java:100)
	at org.testng.internal.Invoker.invokeMethod(Invoker.java:646)
	at org.testng.internal.Invoker.invokeTestMethod(Invoker.java:811)
	at org.testng.internal.Invoker.invokeTestMethods(Invoker.java:1137)
	at org.testng.internal.TestMethodWorker.invokeTestMethods(TestMethodWorker.java:129)
	at org.testng.internal.TestMethodWorker.run(TestMethodWorker.java:112)
	at org.testng.TestRunner.privateRun(TestRunner.java:753)
	at org.testng.TestRunner.run(TestRunner.java:607)
	at org.testng.SuiteRunner.runTest(SuiteRunner.java:368)
	at org.testng.SuiteRunner.runSequentially(SuiteRunner.java:363)
	at org.testng.SuiteRunner.privateRun(SuiteRunner.java:321)
	at org.testng.SuiteRunner.run(SuiteRunner.java:270)
	at org.testng.SuiteRunnerWorker.runSuite(SuiteRunnerWorker.java:52)
	at org.testng.SuiteRunnerWorker.run(SuiteRunnerWorker.java:86)
	at org.testng.TestNG.runSuitesSequentially(TestNG.java:1284)
	at org.testng.TestNG.runSuitesLocally(TestNG.java:1209)
	at org.testng.TestNG.runSuites(TestNG.java:1124)
	at org.testng.TestNG.run(TestNG.java:1096)
	at com.intellij.rt.testng.IDEARemoteTestNG.run(IDEARemoteTestNG.java:66)
	at com.intellij.rt.testng.RemoteTestNGStarter.main(RemoteTestNGStarter.java:109)
]]>
            </full-stacktrace>
          </exception> <!-- java.lang.AssertionError -->
          <reporter-output>
          </reporter-output>
        </test-method> <!-- testDisplayCategory -->
        <test-method status="PASS" signature="testSearchCategory()[pri:0, instance:Target.TestTargetSearchPage@3f0ee7cb]" name="testSearchCategory" duration-ms="7720" started-at="2021-04-03T01:33:21Z" finished-at="2021-04-03T01:33:29Z">
          <reporter-output>
          </reporter-output>
        </test-method> <!-- testSearchCategory -->
        <test-method status="PASS" signature="methodLevelSetUp()[pri:0, instance:Target.TestTargetSearchPage@3f0ee7cb]" name="methodLevelSetUp" is-config="true" duration-ms="0" started-at="2021-04-03T01:33:21Z" finished-at="2021-04-03T01:33:21Z">
          <reporter-output>
          </reporter-output>
        </test-method> <!-- methodLevelSetUp -->
        <test-method status="PASS" signature="testSearchItem()[pri:0, instance:Target.TestTargetSearchPage@3f0ee7cb]" name="testSearchItem" duration-ms="6194" started-at="2021-04-03T01:33:29Z" finished-at="2021-04-03T01:33:35Z">
          <reporter-output>
          </reporter-output>
        </test-method> <!-- testSearchItem -->
        <test-method status="PASS" signature="methodLevelSetUp()[pri:0, instance:Target.TestTargetSearchPage@3f0ee7cb]" name="methodLevelSetUp" is-config="true" duration-ms="0" started-at="2021-04-03T01:33:29Z" finished-at="2021-04-03T01:33:29Z">
          <reporter-output>
          </reporter-output>
        </test-method> <!-- methodLevelSetUp -->
        <test-method status="PASS" signature="methodLevelSetUp()[pri:0, instance:Target.TestTargetSearchPage@3f0ee7cb]" name="methodLevelSetUp" is-config="true" duration-ms="0" started-at="2021-04-03T01:33:35Z" finished-at="2021-04-03T01:33:35Z">
          <reporter-output>
          </reporter-output>
        </test-method> <!-- methodLevelSetUp -->
        <test-method status="PASS" signature="testSupportTypoItem()[pri:0, instance:Target.TestTargetSearchPage@3f0ee7cb]" name="testSupportTypoItem" duration-ms="10961" started-at="2021-04-03T01:33:35Z" finished-at="2021-04-03T01:33:46Z">
          <reporter-output>
          </reporter-output>
        </test-method> <!-- testSupportTypoItem -->
        <test-method status="PASS" signature="teardown()[pri:0, instance:Target.TestTargetSearchPage@3f0ee7cb]" name="teardown" is-config="true" duration-ms="645" started-at="2021-04-03T01:33:46Z" finished-at="2021-04-03T01:33:47Z">
          <reporter-output>
          </reporter-output>
        </test-method> <!-- teardown -->
      </class> <!-- Target.TestTargetSearchPage -->
    </test> <!-- SearchPage -->
    <test name="DetailPage" duration-ms="33294" started-at="2021-04-03T07:33:47Z" finished-at="2021-04-03T07:34:20Z">
      <class name="Target.TestTargetDetailPage">
        <test-method status="PASS" signature="TestSetUp(java.lang.String, java.lang.String)[pri:0, instance:Target.TestTargetDetailPage@3cb5cdba]" name="TestSetUp" is-config="true" duration-ms="4701" started-at="2021-04-03T01:33:47Z" finished-at="2021-04-03T01:33:52Z">
          <params>
            <param index="0">
              <value>
                <![CDATA[Chrome]]>
              </value>
            </param>
            <param index="1">
              <value>
                <![CDATA[https://www.target.com/]]>
              </value>
            </param>
          </params>
          <reporter-output>
          </reporter-output>
        </test-method> <!-- TestSetUp -->
        <test-method status="PASS" signature="methodLevelSetUp()[pri:0, instance:Target.TestTargetDetailPage@3cb5cdba]" name="methodLevelSetUp" is-config="true" duration-ms="2" started-at="2021-04-03T01:33:52Z" finished-at="2021-04-03T01:33:52Z">
          <reporter-output>
          </reporter-output>
        </test-method> <!-- methodLevelSetUp -->
        <test-method status="PASS" signature="testDisplayDetailItem()[pri:0, instance:Target.TestTargetDetailPage@3cb5cdba]" name="testDisplayDetailItem" duration-ms="21683" started-at="2021-04-03T01:33:52Z" finished-at="2021-04-03T01:34:13Z">
          <reporter-output>
          </reporter-output>
        </test-method> <!-- testDisplayDetailItem -->
        <test-method status="PASS" signature="testNotDetailFoundItem()[pri:0, instance:Target.TestTargetDetailPage@3cb5cdba]" name="testNotDetailFoundItem" duration-ms="6230" started-at="2021-04-03T01:34:13Z" finished-at="2021-04-03T01:34:20Z">
          <reporter-output>
          </reporter-output>
        </test-method> <!-- testNotDetailFoundItem -->
        <test-method status="PASS" signature="methodLevelSetUp()[pri:0, instance:Target.TestTargetDetailPage@3cb5cdba]" name="methodLevelSetUp" is-config="true" duration-ms="0" started-at="2021-04-03T01:34:13Z" finished-at="2021-04-03T01:34:13Z">
          <reporter-output>
          </reporter-output>
        </test-method> <!-- methodLevelSetUp -->
        <test-method status="PASS" signature="teardown()[pri:0, instance:Target.TestTargetDetailPage@3cb5cdba]" name="teardown" is-config="true" duration-ms="677" started-at="2021-04-03T01:34:20Z" finished-at="2021-04-03T01:34:20Z">
          <reporter-output>
          </reporter-output>
        </test-method> <!-- teardown -->
      </class> <!-- Target.TestTargetDetailPage -->
    </test> <!-- DetailPage -->
  </suite> <!-- Suite -->
</testng-results>
